[1/6] Performing build step for 'bootloader'
[1/1] cmd.exe /C "cd /D C:\Users\12566\Desktop\get-started\espS3_project\ESP_S3_project\build\bootloader\esp-idf\esptool_py && D:\ESP_MCU_tool\ESP_IDF_TOOLS\Espressif\python_env\idf5.1_py3.11_env\Scripts\python.exe D:/ESP_MCU_tool/ESP_IDF_TOOLS/Espressif/frameworks/esp-idf-v5.1.2/components/partition_table/check_sizes.py --offset 0x8000 bootloader 0x0 C:/Users/12566/Desktop/get-started/espS3_project/ESP_S3_project/build/bootloader/bootloader.bin"
Bootloader binary size 0x51c0 bytes. 0x2e40 bytes (36%) free.
[2/4] Linking CXX executable ESP_S3_project.elf
FAILED: ESP_S3_project.elf 
cmd.exe /C "cd . && D:\ESP_MCU_tool\ESP_IDF_TOOLS\Espressif\tools\xtensa-esp32s3-elf\esp-12.2.0_20230208\xtensa-esp32s3-elf\bin\xtensa-esp32s3-elf-g++.exe -mlongcalls -Wl,--cref -Wl,--defsym=IDF_TARGET_ESP32S3=0 -Wl,--Map=C:/Users/12566/Desktop/get-started/espS3_project/ESP_S3_project/build/ESP_S3_project.map -Wl,--no-warn-rwx-segments -fno-rtti -fno-lto -Wl,--gc-sections -Wl,--warn-common -T esp32s3.peripherals.ld -T esp32s3.rom.ld -T esp32s3.rom.api.ld -T esp32s3.rom.libgcc.ld -T esp32s3.rom.newlib.ld -T esp32s3.rom.version.ld -T memory.ld -T sections.ld @CMakeFiles\ESP_S3_project.elf.rsp -o ESP_S3_project.elf  && cd ."
d:/esp_mcu_tool/esp_idf_tools/espressif/tools/xtensa-esp32s3-elf/esp-12.2.0_20230208/xtensa-esp32s3-elf/bin/../lib/gcc/xtensa-esp32s3-elf/12.2.0/../../../../xtensa-esp32s3-elf/bin/ld.exe: esp-idf/espressif__esp_tinyusb/libespressif__esp_tinyusb.a(tusb_cdc_acm.c.obj):(.literal.alloc_obj+0x0): undefined reference to `tinyusb_cdc_get_intf'
d:/esp_mcu_tool/esp_idf_tools/espressif/tools/xtensa-esp32s3-elf/esp-12.2.0_20230208/xtensa-esp32s3-elf/bin/../lib/gcc/xtensa-esp32s3-elf/12.2.0/../../../../xtensa-esp32s3-elf/bin/ld.exe: esp-idf/espressif__esp_tinyusb/libespressif__esp_tinyusb.a(tusb_cdc_acm.c.obj):(.literal.tusb_cdc_acm_init+0xc): undefined reference to `tinyusb_cdc_init'
d:/esp_mcu_tool/esp_idf_tools/espressif/tools/xtensa-esp32s3-elf/esp-12.2.0_20230208/xtensa-esp32s3-elf/bin/../lib/gcc/xtensa-esp32s3-elf/12.2.0/../../../../xtensa-esp32s3-elf/bin/ld.exe: esp-idf/espressif__esp_tinyusb/libespressif__esp_tinyusb.a(tusb_cdc_acm.c.obj):(.literal.tusb_cdc_acm_init+0x10): undefined reference to `tinyusb_cdc_deinit'
d:/esp_mcu_tool/esp_idf_tools/espressif/tools/xtensa-esp32s3-elf/esp-12.2.0_20230208/xtensa-esp32s3-elf/bin/../lib/gcc/xtensa-esp32s3-elf/12.2.0/../../../../xtensa-esp32s3-elf/bin/ld.exe: esp-idf/espressif__esp_tinyusb/libespressif__esp_tinyusb.a(tusb_cdc_acm.c.obj): in function `alloc_obj':
C:/Users/12566/Desktop/get-started/espS3_project/ESP_S3_project/managed_components/espressif__esp_tinyusb/tusb_cdc_acm.c:287: undefined reference to `tinyusb_cdc_get_intf'
d:/esp_mcu_tool/esp_idf_tools/espressif/tools/xtensa-esp32s3-elf/esp-12.2.0_20230208/xtensa-esp32s3-elf/bin/../lib/gcc/xtensa-esp32s3-elf/12.2.0/../../../../xtensa-esp32s3-elf/bin/ld.exe: esp-idf/espressif__esp_tinyusb/libespressif__esp_tinyusb.a(tusb_cdc_acm.c.obj): in function `get_acm':
C:/Users/12566/Desktop/get-started/espS3_project/ESP_S3_project/managed_components/espressif__esp_tinyusb/tusb_cdc_acm.c:38: undefined reference to `tinyusb_cdc_get_intf'
d:/esp_mcu_tool/esp_idf_tools/espressif/tools/xtensa-esp32s3-elf/esp-12.2.0_20230208/xtensa-esp32s3-elf/bin/../lib/gcc/xtensa-esp32s3-elf/12.2.0/../../../../xtensa-esp32s3-elf/bin/ld.exe: C:/Users/12566/Desktop/get-started/espS3_project/ESP_S3_project/managed_components/espressif__esp_tinyusb/tusb_cdc_acm.c:38: undefined reference to `tinyusb_cdc_get_intf'
d:/esp_mcu_tool/esp_idf_tools/espressif/tools/xtensa-esp32s3-elf/esp-12.2.0_20230208/xtensa-esp32s3-elf/bin/../lib/gcc/xtensa-esp32s3-elf/12.2.0/../../../../xtensa-esp32s3-elf/bin/ld.exe: C:/Users/12566/Desktop/get-started/espS3_project/ESP_S3_project/managed_components/espressif__esp_tinyusb/tusb_cdc_acm.c:38: undefined reference to `tinyusb_cdc_get_intf'
d:/esp_mcu_tool/esp_idf_tools/espressif/tools/xtensa-esp32s3-elf/esp-12.2.0_20230208/xtensa-esp32s3-elf/bin/../lib/gcc/xtensa-esp32s3-elf/12.2.0/../../../../xtensa-esp32s3-elf/bin/ld.exe: C:/Users/12566/Desktop/get-started/espS3_project/ESP_S3_project/managed_components/espressif__esp_tinyusb/tusb_cdc_acm.c:38: undefined reference to `tinyusb_cdc_get_intf'
d:/esp_mcu_tool/esp_idf_tools/espressif/tools/xtensa-esp32s3-elf/esp-12.2.0_20230208/xtensa-esp32s3-elf/bin/../lib/gcc/xtensa-esp32s3-elf/12.2.0/../../../../xtensa-esp32s3-elf/bin/ld.exe: esp-idf/espressif__esp_tinyusb/libespressif__esp_tinyusb.a(tusb_cdc_acm.c.obj):C:/Users/12566/Desktop/get-started/espS3_project/ESP_S3_project/managed_components/espressif__esp_tinyusb/tusb_cdc_acm.c:38: more undefined references to `tinyusb_cdc_get_intf' follow
d:/esp_mcu_tool/esp_idf_tools/espressif/tools/xtensa-esp32s3-elf/esp-12.2.0_20230208/xtensa-esp32s3-elf/bin/../lib/gcc/xtensa-esp32s3-elf/12.2.0/../../../../xtensa-esp32s3-elf/bin/ld.exe: esp-idf/espressif__esp_tinyusb/libespressif__esp_tinyusb.a(tusb_cdc_acm.c.obj): in function `tusb_cdc_acm_init':
C:/Users/12566/Desktop/get-started/espS3_project/ESP_S3_project/managed_components/espressif__esp_tinyusb/tusb_cdc_acm.c:309: undefined reference to `tinyusb_cdc_init'
d:/esp_mcu_tool/esp_idf_tools/espressif/tools/xtensa-esp32s3-elf/esp-12.2.0_20230208/xtensa-esp32s3-elf/bin/../lib/gcc/xtensa-esp32s3-elf/12.2.0/../../../../xtensa-esp32s3-elf/bin/ld.exe: C:/Users/12566/Desktop/get-started/espS3_project/ESP_S3_project/managed_components/espressif__esp_tinyusb/tusb_cdc_acm.c:328: undefined reference to `tinyusb_cdc_deinit'
d:/esp_mcu_tool/esp_idf_tools/espressif/tools/xtensa-esp32s3-elf/esp-12.2.0_20230208/xtensa-esp32s3-elf/bin/../lib/gcc/xtensa-esp32s3-elf/12.2.0/../../../../xtensa-esp32s3-elf/bin/ld.exe: esp-idf/espressif__esp_tinyusb/libespressif__esp_tinyusb.a(tusb_cdc_acm.c.obj): in function `get_acm':
C:/Users/12566/Desktop/get-started/espS3_project/ESP_S3_project/managed_components/espressif__esp_tinyusb/tusb_cdc_acm.c:38: undefined reference to `tinyusb_cdc_get_intf'
collect2.exe: error: ld returned 1 exit status
ninja: build stopped: subcommand failed.
